<?xml version="1.0" encoding="UTF-8"?>
<!-- Generated by org.testng.reporters.JUnitReportReporter -->
<testsuite hostname="MLI01271" failures="0" tests="1" name="com.blogspot.testautomationpractice.TestLayer.AutomationTestingPracticePageTest" time="32.256" errors="0" timestamp="2024-05-08T15:57:18 IST" skipped="0">
  <testcase classname="com.blogspot.testautomationpractice.TestLayer.AutomationTestingPracticePageTest" name="automationTestingPractice_functionality" time="32.256"/>
</testsuite> <!-- com.blogspot.testautomationpractice.TestLayer.AutomationTestingPracticePageTest -->
