<?xml version="1.0" encoding="UTF-8"?>
<!-- Generated by org.testng.reporters.JUnitReportReporter -->
<testsuite hostname="MLI01271" failures="0" tests="1" name="com.blogspot.testautomationpractice.TestLayer.Sample" time="8.635" errors="0" timestamp="2024-05-01T23:31:05 IST" skipped="0">
  <testcase classname="com.blogspot.testautomationpractice.TestLayer.Sample" name="show" time="8.635"/>
</testsuite> <!-- com.blogspot.testautomationpractice.TestLayer.Sample -->
